<?xml version="1.0" encoding="UTF-8"?>
<!-- Generated by org.testng.reporters.JUnitReportReporter -->
<testsuite hostname="LATITUDE" failures="0" tests="7" name="pack1.TestClass1" time="0.030" errors="0" timestamp="2026-01-21T20:28:43 IST" skipped="1">
  <testcase classname="pack1.TestClass1" name="testCase2" time="0.007"/>
  <testcase classname="pack1.TestClass1" name="testCase2" time="0.006"/>
  <testcase classname="pack1.TestClass1" name="testCase2" time="0.002"/>
  <testcase classname="pack1.TestClass1" name="testCase2" time="0.005"/>
  <testcase classname="pack1.TestClass1" name="testCase4" time="0.006"/>
  <testcase classname="pack1.TestClass1" name="testCase1" time="0.004"/>
  <testcase classname="pack1.TestClass1" name="ztestCase3">
    <skipped/>
  </testcase> <!-- ztestCase3 -->
</testsuite> <!-- pack1.TestClass1 -->
