<?xml version="1.0" encoding="UTF-8"?>
<!-- Generated by org.testng.reporters.JUnitReportReporter -->
<testsuite hostname="LATITUDE" failures="0" tests="3" name="pack1.InclusionExclusion" time="0.041" errors="0" timestamp="2026-01-23T19:30:58 IST" skipped="0">
  <testcase classname="pack1.InclusionExclusion" name="ztestCase3" time="0.005"/>
  <testcase classname="pack1.InclusionExclusion" name="testCase4" time="0.004"/>
  <testcase classname="pack1.InclusionExclusion" name="testCase2" time="0.032"/>
</testsuite> <!-- pack1.InclusionExclusion -->
