<?xml version="1.0" encoding="UTF-8"?>
<!-- Generated by org.testng.reporters.JUnitReportReporter -->
<testsuite hostname="LATITUDE" failures="0" tests="4" name="pack1.Groups2" time="0.009" errors="0" timestamp="2026-01-23T19:55:02 IST" skipped="0">
  <testcase classname="pack1.Groups2" name="testCase5" time="0.003"/>
  <testcase classname="pack1.Groups2" name="testCase6" time="0.002"/>
  <testcase classname="pack1.Groups2" name="testCase7" time="0.002"/>
  <testcase classname="pack1.Groups2" name="testCase8" time="0.002"/>
</testsuite> <!-- pack1.Groups2 -->
