<?xml version="1.0" encoding="UTF-8"?>
<!-- Generated by org.testng.reporters.JUnitReportReporter -->
<testsuite hostname="LATITUDE" failures="0" tests="3" name="pack1.InclusionExclusion" time="0.031" errors="0" timestamp="2026-01-22T20:26:11 IST" skipped="0">
  <testcase classname="pack1.InclusionExclusion" name="ztestCase3" time="0.002"/>
  <testcase classname="pack1.InclusionExclusion" name="testCase4" time="0.002"/>
  <testcase classname="pack1.InclusionExclusion" name="testCase2" time="0.027"/>
</testsuite> <!-- pack1.InclusionExclusion -->
