<?xml version="1.0" encoding="UTF-8"?>
<!-- Generated by org.testng.reporters.JUnitXMLReporter -->
<testsuite ignored="1" hostname="LATITUDE" failures="0" tests="10" name="Test" time="0.28" errors="0" timestamp="2026-01-21T20:28:42 IST">
  <testcase classname="pack1.TestClass2" name="testCase2" time="0.026"/>
  <testcase classname="pack1.TestClass2" name="testCase1" time="0.005"/>
  <testcase classname="pack1.TestClass3" name="testCase4" time="0.006"/>
  <testcase classname="pack1.TestClass3" name="testCase5" time="0.004"/>
  <testcase classname="pack1.TestClass1" name="testCase2" time="0.004"/>
  <testcase classname="pack1.TestClass1" name="testCase2" time="0.002"/>
  <testcase classname="pack1.TestClass1" name="testCase2" time="0.004"/>
  <testcase classname="pack1.TestClass1" name="testCase2" time="0.004"/>
  <testcase classname="pack1.TestClass1" name="testCase4" time="0.005"/>
  <testcase classname="pack1.TestClass1" name="testCase1" time="0.002"/>
  <testcase classname="pack1.TestClass1" name="ztestCase3" time="0.0">
    <ignored/>
  </testcase> <!-- ztestCase3 -->
</testsuite> <!-- Test -->
