<?xml version="1.0" encoding="UTF-8"?>
<!-- Generated by org.testng.reporters.JUnitXMLReporter -->
<testsuite ignored="4" hostname="LATITUDE" failures="0" tests="4" name="Test" time="0.089" errors="0" timestamp="2026-01-22T20:26:11 IST">
  <testcase classname="pack1.InclusionExclusion" name="testCase2" time="0.027"/>
  <testcase classname="pack1.InclusionExclusion" name="testCase4" time="0.002"/>
  <testcase classname="pack1.InclusionExclusion" name="ztestCase3" time="0.002"/>
  <testcase classname="pack1.TestClass1" name="ztestCase3" time="0.001"/>
  <testcase classname="pack1.TestClass1" name="testCase1" time="0.0">
    <ignored/>
  </testcase> <!-- testCase1 -->
  <testcase classname="pack1.TestClass1" name="testCase2" time="0.0">
    <ignored/>
  </testcase> <!-- testCase2 -->
  <testcase classname="pack1.InclusionExclusion" name="testCase1" time="0.0">
    <ignored/>
  </testcase> <!-- testCase1 -->
  <testcase classname="pack1.TestClass1" name="testCase4" time="0.0">
    <ignored/>
  </testcase> <!-- testCase4 -->
</testsuite> <!-- Test -->
