<?xml version="1.0" encoding="UTF-8"?>
<testng-results ignored="0" total="1" passed="1" failed="0" skipped="0">
  <reporter-output>
  </reporter-output>
  <suite started-at="2026-02-11T20:15:04 IST" name="Default suite" finished-at="2026-02-11T20:15:38 IST" duration-ms="33607">
    <groups>
      <group name="cucumber">
        <method signature="AbstractTestNGCucumberTests.runScenario(io.cucumber.testng.PickleWrapper,io.cucumber.testng.FeatureWrapper)[pri:0, instance:runnerPack.TestRunner@6200f9cb]" name="runScenario" class="io.cucumber.testng.AbstractTestNGCucumberTests"/>
      </group> <!-- cucumber -->
    </groups>
    <test started-at="2026-02-11T20:15:04 IST" name="Default test" finished-at="2026-02-11T20:15:38 IST" duration-ms="33607">
      <class name="runnerPack.TestRunner">
        <test-method is-config="true" signature="setUpClass(org.testng.ITestContext)[pri:0, instance:runnerPack.TestRunner@6200f9cb]" started-at="2026-02-11T20:15:04 IST" name="setUpClass" finished-at="2026-02-11T20:15:10 IST" duration-ms="5534" status="PASS">
          <params>
            <param index="0">
              <value>
                <![CDATA[org.testng.TestRunner@12d5c30e]]>
              </value>
            </param>
          </params>
          <reporter-output>
          </reporter-output>
        </test-method> <!-- setUpClass -->
        <test-method signature="runScenario(io.cucumber.testng.PickleWrapper,io.cucumber.testng.FeatureWrapper)[pri:0, instance:runnerPack.TestRunner@6200f9cb]" started-at="2026-02-11T20:15:10 IST" name="runScenario" description="Runs Cucumber Scenarios" data-provider="scenarios" finished-at="2026-02-11T20:15:37 IST" duration-ms="26593" status="PASS">
          <params>
            <param index="0">
              <value>
                <![CDATA["Verify change password with valid data"]]>
              </value>
            </param>
            <param index="1">
              <value>
                <![CDATA["Change Password feature"]]>
              </value>
            </param>
          </params>
          <reporter-output>
          </reporter-output>
        </test-method> <!-- runScenario -->
        <test-method is-config="true" signature="tearDownClass()[pri:0, instance:runnerPack.TestRunner@6200f9cb]" started-at="2026-02-11T20:15:37 IST" name="tearDownClass" finished-at="2026-02-11T20:15:38 IST" duration-ms="1309" status="PASS">
          <reporter-output>
          </reporter-output>
        </test-method> <!-- tearDownClass -->
      </class> <!-- runnerPack.TestRunner -->
    </test> <!-- Default test -->
  </suite> <!-- Default suite -->
</testng-results>
