<?xml version="1.0" encoding="UTF-8"?>
<testng-results ignored="0" total="1" passed="1" failed="0" skipped="0">
  <reporter-output>
  </reporter-output>
  <suite started-at="2026-01-28T20:29:40 IST" name="Default suite" finished-at="2026-01-28T20:29:48 IST" duration-ms="8664">
    <groups>
    </groups>
    <test started-at="2026-01-28T20:29:40 IST" name="Default test" finished-at="2026-01-28T20:29:48 IST" duration-ms="8664">
      <class name="test_suites.LoginTestSuite">
        <test-method is-config="true" signature="initDriver()[pri:0, instance:test_suites.LoginTestSuite@292b08d6]" started-at="2026-01-28T20:29:40 IST" name="initDriver" finished-at="2026-01-28T20:29:43 IST" duration-ms="2825" status="PASS">
          <reporter-output>
          </reporter-output>
        </test-method> <!-- initDriver -->
        <test-method signature="tc_123_LoginTest()[pri:0, instance:test_suites.LoginTestSuite@292b08d6]" started-at="2026-01-28T20:29:43 IST" name="tc_123_LoginTest" finished-at="2026-01-28T20:29:48 IST" duration-ms="5492" status="PASS">
          <reporter-output>
          </reporter-output>
        </test-method> <!-- tc_123_LoginTest -->
        <test-method is-config="true" signature="tearDown()[pri:0, instance:test_suites.LoginTestSuite@292b08d6]" started-at="2026-01-28T20:29:48 IST" name="tearDown" finished-at="2026-01-28T20:29:48 IST" duration-ms="278" status="PASS">
          <reporter-output>
          </reporter-output>
        </test-method> <!-- tearDown -->
      </class> <!-- test_suites.LoginTestSuite -->
    </test> <!-- Default test -->
  </suite> <!-- Default suite -->
</testng-results>
