<?xml version="1.0" encoding="UTF-8"?>
<testng-results ignored="0" total="1" passed="1" failed="0" skipped="0">
  <reporter-output>
  </reporter-output>
  <suite started-at="2026-02-03T20:24:40 IST" name="Default suite" finished-at="2026-02-03T20:25:00 IST" duration-ms="20070">
    <groups>
    </groups>
    <test started-at="2026-02-03T20:24:40 IST" name="Default test" finished-at="2026-02-03T20:25:00 IST" duration-ms="20070">
      <class name="test_suites.HeaderTestSuite">
        <test-method is-config="true" signature="initDriver()[pri:0, instance:test_suites.HeaderTestSuite@7a8c8dcf]" started-at="2026-02-03T20:24:36 IST" name="initDriver" finished-at="2026-02-03T20:24:40 IST" duration-ms="4367" status="PASS">
          <reporter-output>
          </reporter-output>
        </test-method> <!-- initDriver -->
        <test-method is-config="true" signature="login()[pri:0, instance:test_suites.HeaderTestSuite@7a8c8dcf]" started-at="2026-02-03T20:24:40 IST" name="login" finished-at="2026-02-03T20:24:41 IST" duration-ms="589" status="PASS">
          <reporter-output>
          </reporter-output>
        </test-method> <!-- login -->
        <test-method signature="tc_123_UpdatePasswordTest()[pri:0, instance:test_suites.HeaderTestSuite@7a8c8dcf]" started-at="2026-02-03T20:24:41 IST" name="tc_123_UpdatePasswordTest" finished-at="2026-02-03T20:24:59 IST" duration-ms="18343" status="PASS">
          <reporter-output>
          </reporter-output>
        </test-method> <!-- tc_123_UpdatePasswordTest -->
        <test-method is-config="true" signature="logout()[pri:0, instance:test_suites.HeaderTestSuite@7a8c8dcf]" started-at="2026-02-03T20:24:59 IST" name="logout" finished-at="2026-02-03T20:25:00 IST" duration-ms="1085" status="PASS">
          <reporter-output>
          </reporter-output>
        </test-method> <!-- logout -->
        <test-method is-config="true" signature="tearDown()[pri:0, instance:test_suites.HeaderTestSuite@7a8c8dcf]" started-at="2026-02-03T20:25:00 IST" name="tearDown" finished-at="2026-02-03T20:25:01 IST" duration-ms="773" status="PASS">
          <reporter-output>
          </reporter-output>
        </test-method> <!-- tearDown -->
      </class> <!-- test_suites.HeaderTestSuite -->
    </test> <!-- Default test -->
  </suite> <!-- Default suite -->
</testng-results>
