<?xml version="1.0" encoding="UTF-8"?>
<testng-results ignored="1" total="11" passed="10" failed="0" skipped="0">
  <reporter-output>
  </reporter-output>
  <suite started-at="2026-01-21T20:28:42 IST" name="Suite" finished-at="2026-01-21T20:28:42 IST" duration-ms="280">
    <groups>
    </groups>
    <test started-at="2026-01-21T20:28:42 IST" name="Test" finished-at="2026-01-21T20:28:42 IST" duration-ms="280">
      <class name="pack1.TestClass1">
        <test-method is-config="true" signature="beforeMethod()[pri:0, instance:pack1.TestClass1@14cd1699]" started-at="2026-01-21T20:28:42 IST" name="beforeMethod" finished-at="2026-01-21T20:28:42 IST" duration-ms="2" status="PASS">
          <reporter-output>
          </reporter-output>
        </test-method> <!-- beforeMethod -->
        <test-method signature="testCase2()[pri:1, instance:pack1.TestClass1@14cd1699]" started-at="2026-01-21T20:28:42 IST" name="testCase2" finished-at="2026-01-21T20:28:42 IST" duration-ms="4" status="PASS">
          <reporter-output>
          </reporter-output>
        </test-method> <!-- testCase2 -->
        <test-method is-config="true" signature="beforeMethod()[pri:0, instance:pack1.TestClass1@14cd1699]" started-at="2026-01-21T20:28:42 IST" name="beforeMethod" finished-at="2026-01-21T20:28:42 IST" duration-ms="1" status="PASS">
          <reporter-output>
          </reporter-output>
        </test-method> <!-- beforeMethod -->
        <test-method signature="testCase2()[pri:1, instance:pack1.TestClass1@14cd1699]" started-at="2026-01-21T20:28:42 IST" name="testCase2" finished-at="2026-01-21T20:28:42 IST" duration-ms="2" status="PASS">
          <reporter-output>
          </reporter-output>
        </test-method> <!-- testCase2 -->
        <test-method is-config="true" signature="beforeMethod()[pri:0, instance:pack1.TestClass1@14cd1699]" started-at="2026-01-21T20:28:42 IST" name="beforeMethod" finished-at="2026-01-21T20:28:42 IST" duration-ms="1" status="PASS">
          <reporter-output>
          </reporter-output>
        </test-method> <!-- beforeMethod -->
        <test-method signature="testCase2()[pri:1, instance:pack1.TestClass1@14cd1699]" started-at="2026-01-21T20:28:42 IST" name="testCase2" finished-at="2026-01-21T20:28:42 IST" duration-ms="4" status="PASS">
          <reporter-output>
          </reporter-output>
        </test-method> <!-- testCase2 -->
        <test-method is-config="true" signature="beforeMethod()[pri:0, instance:pack1.TestClass1@14cd1699]" started-at="2026-01-21T20:28:42 IST" name="beforeMethod" finished-at="2026-01-21T20:28:42 IST" duration-ms="2" status="PASS">
          <reporter-output>
          </reporter-output>
        </test-method> <!-- beforeMethod -->
        <test-method signature="testCase2()[pri:1, instance:pack1.TestClass1@14cd1699]" started-at="2026-01-21T20:28:42 IST" name="testCase2" finished-at="2026-01-21T20:28:42 IST" duration-ms="4" status="PASS">
          <reporter-output>
          </reporter-output>
        </test-method> <!-- testCase2 -->
        <test-method is-config="true" signature="beforeMethod()[pri:0, instance:pack1.TestClass1@14cd1699]" started-at="2026-01-21T20:28:42 IST" name="beforeMethod" finished-at="2026-01-21T20:28:42 IST" duration-ms="3" status="PASS">
          <reporter-output>
          </reporter-output>
        </test-method> <!-- beforeMethod -->
        <test-method signature="testCase4()[pri:2, instance:pack1.TestClass1@14cd1699]" started-at="2026-01-21T20:28:42 IST" name="testCase4" finished-at="2026-01-21T20:28:42 IST" duration-ms="5" status="PASS">
          <reporter-output>
          </reporter-output>
        </test-method> <!-- testCase4 -->
        <test-method is-config="true" signature="beforeMethod()[pri:0, instance:pack1.TestClass1@14cd1699]" started-at="2026-01-21T20:28:42 IST" name="beforeMethod" finished-at="2026-01-21T20:28:42 IST" duration-ms="0" status="PASS">
          <reporter-output>
          </reporter-output>
        </test-method> <!-- beforeMethod -->
        <test-method signature="testCase1()[pri:3, instance:pack1.TestClass1@14cd1699]" started-at="2026-01-21T20:28:42 IST" name="testCase1" finished-at="2026-01-21T20:28:42 IST" duration-ms="2" status="PASS">
          <reporter-output>
          </reporter-output>
        </test-method> <!-- testCase1 -->
      </class> <!-- pack1.TestClass1 -->
      <class name="pack1.TestClass3">
        <test-method signature="testCase4()[pri:1, instance:pack1.TestClass3@76505305]" started-at="2026-01-21T20:28:42 IST" name="testCase4" finished-at="2026-01-21T20:28:42 IST" duration-ms="6" status="PASS">
          <reporter-output>
          </reporter-output>
        </test-method> <!-- testCase4 -->
        <test-method signature="testCase5()[pri:3, instance:pack1.TestClass3@76505305]" started-at="2026-01-21T20:28:42 IST" name="testCase5" finished-at="2026-01-21T20:28:42 IST" duration-ms="4" status="PASS">
          <reporter-output>
          </reporter-output>
        </test-method> <!-- testCase5 -->
      </class> <!-- pack1.TestClass3 -->
      <class name="pack1.TestClass2">
        <test-method is-config="true" signature="beforeClass()[pri:0, instance:pack1.TestClass2@55141def]" started-at="2026-01-21T20:28:42 IST" name="beforeClass" finished-at="2026-01-21T20:28:42 IST" duration-ms="31" status="PASS">
          <reporter-output>
          </reporter-output>
        </test-method> <!-- beforeClass -->
        <test-method is-config="true" signature="beforeMethod()[pri:0, instance:pack1.TestClass2@55141def]" started-at="2026-01-21T20:28:42 IST" name="beforeMethod" finished-at="2026-01-21T20:28:42 IST" duration-ms="1" status="PASS">
          <reporter-output>
          </reporter-output>
        </test-method> <!-- beforeMethod -->
        <test-method signature="testCase2()[pri:1, instance:pack1.TestClass2@55141def]" started-at="2026-01-21T20:28:42 IST" name="testCase2" finished-at="2026-01-21T20:28:42 IST" duration-ms="26" status="PASS">
          <reporter-output>
          </reporter-output>
        </test-method> <!-- testCase2 -->
        <test-method is-config="true" signature="afterMethod()[pri:0, instance:pack1.TestClass2@55141def]" started-at="2026-01-21T20:28:42 IST" name="afterMethod" finished-at="2026-01-21T20:28:42 IST" duration-ms="1" status="PASS">
          <reporter-output>
          </reporter-output>
        </test-method> <!-- afterMethod -->
        <test-method is-config="true" signature="beforeMethod()[pri:0, instance:pack1.TestClass2@55141def]" started-at="2026-01-21T20:28:42 IST" name="beforeMethod" finished-at="2026-01-21T20:28:42 IST" duration-ms="1" status="PASS">
          <reporter-output>
          </reporter-output>
        </test-method> <!-- beforeMethod -->
        <test-method signature="testCase1()[pri:3, instance:pack1.TestClass2@55141def]" started-at="2026-01-21T20:28:42 IST" name="testCase1" finished-at="2026-01-21T20:28:42 IST" duration-ms="5" status="PASS">
          <reporter-output>
          </reporter-output>
        </test-method> <!-- testCase1 -->
        <test-method is-config="true" signature="afterMethod()[pri:0, instance:pack1.TestClass2@55141def]" started-at="2026-01-21T20:28:42 IST" name="afterMethod" finished-at="2026-01-21T20:28:42 IST" duration-ms="1" status="PASS">
          <reporter-output>
          </reporter-output>
        </test-method> <!-- afterMethod -->
        <test-method is-config="true" signature="afterClass()[pri:0, instance:pack1.TestClass2@55141def]" started-at="2026-01-21T20:28:42 IST" name="afterClass" finished-at="2026-01-21T20:28:42 IST" duration-ms="3" status="PASS">
          <reporter-output>
          </reporter-output>
        </test-method> <!-- afterClass -->
      </class> <!-- pack1.TestClass2 -->
    </test> <!-- Test -->
  </suite> <!-- Suite -->
</testng-results>
