<?xml version="1.0" encoding="UTF-8"?>
<testng-results ignored="0" total="1" passed="1" failed="0" skipped="0">
  <reporter-output>
  </reporter-output>
  <suite started-at="2026-01-23T20:27:04 IST" name="Default suite" finished-at="2026-01-23T20:27:04 IST" duration-ms="126">
    <groups>
    </groups>
    <test started-at="2026-01-23T20:27:04 IST" name="Default test" finished-at="2026-01-23T20:27:04 IST" duration-ms="126">
      <class name="pack1.ListenerTest2">
        <test-method is-config="true" signature="beforeSuite()[pri:0, instance:pack1.ListenerTest2@7b98f307]" started-at="2026-01-23T20:27:04 IST" name="beforeSuite" finished-at="2026-01-23T20:27:04 IST" duration-ms="31" status="PASS">
          <reporter-output>
          </reporter-output>
        </test-method> <!-- beforeSuite -->
        <test-method is-config="true" signature="beforeTest()[pri:0, instance:pack1.ListenerTest2@7b98f307]" started-at="2026-01-23T20:27:04 IST" name="beforeTest" finished-at="2026-01-23T20:27:04 IST" duration-ms="1" status="PASS">
          <reporter-output>
          </reporter-output>
        </test-method> <!-- beforeTest -->
        <test-method is-config="true" signature="beforeClass()[pri:0, instance:pack1.ListenerTest2@7b98f307]" started-at="2026-01-23T20:27:04 IST" name="beforeClass" finished-at="2026-01-23T20:27:04 IST" duration-ms="1" status="PASS">
          <reporter-output>
          </reporter-output>
        </test-method> <!-- beforeClass -->
        <test-method is-config="true" signature="beforeMethod()[pri:0, instance:pack1.ListenerTest2@7b98f307]" started-at="2026-01-23T20:27:04 IST" name="beforeMethod" finished-at="2026-01-23T20:27:04 IST" duration-ms="0" status="PASS">
          <reporter-output>
          </reporter-output>
        </test-method> <!-- beforeMethod -->
        <test-method signature="testCase1()[pri:0, instance:pack1.ListenerTest2@7b98f307]" started-at="2026-01-23T20:27:04 IST" name="testCase1" finished-at="2026-01-23T20:27:04 IST" duration-ms="15" status="PASS">
          <reporter-output>
          </reporter-output>
        </test-method> <!-- testCase1 -->
        <test-method is-config="true" signature="afterMethod()[pri:0, instance:pack1.ListenerTest2@7b98f307]" started-at="2026-01-23T20:27:04 IST" name="afterMethod" finished-at="2026-01-23T20:27:04 IST" duration-ms="2" status="PASS">
          <reporter-output>
          </reporter-output>
        </test-method> <!-- afterMethod -->
        <test-method is-config="true" signature="afterClass()[pri:0, instance:pack1.ListenerTest2@7b98f307]" started-at="2026-01-23T20:27:04 IST" name="afterClass" finished-at="2026-01-23T20:27:04 IST" duration-ms="2" status="PASS">
          <reporter-output>
          </reporter-output>
        </test-method> <!-- afterClass -->
        <test-method is-config="true" signature="afterTest()[pri:0, instance:pack1.ListenerTest2@7b98f307]" started-at="2026-01-23T20:27:04 IST" name="afterTest" finished-at="2026-01-23T20:27:04 IST" duration-ms="1" status="PASS">
          <reporter-output>
          </reporter-output>
        </test-method> <!-- afterTest -->
        <test-method is-config="true" signature="afterSuite()[pri:0, instance:pack1.ListenerTest2@7b98f307]" started-at="2026-01-23T20:27:05 IST" name="afterSuite" finished-at="2026-01-23T20:27:05 IST" duration-ms="1" status="PASS">
          <reporter-output>
          </reporter-output>
        </test-method> <!-- afterSuite -->
      </class> <!-- pack1.ListenerTest2 -->
    </test> <!-- Default test -->
  </suite> <!-- Default suite -->
</testng-results>
